<?xml version="1.0" encoding="UTF-8"?>
<!-- Generated by org.testng.reporters.JUnitReportReporter -->
<testsuite hostname="DESKTOP-KDB7KI9" failures="0" tests="2" name="Third_Script.Home_Page" time="0.018" errors="0" timestamp="2024-01-10T12:32:43 IST" skipped="0">
  <testcase classname="Third_Script.Home_Page" name="ValidateImage" time="0.010"/>
  <testcase classname="Third_Script.Home_Page" name="Electronic_Product" time="0.008"/>
</testsuite> <!-- Third_Script.Home_Page -->
