<?xml version="1.0" encoding="UTF-8"?>
<!-- Generated by org.testng.reporters.JUnitReportReporter -->
<testsuite hostname="DESKTOP-KDB7KI9" failures="0" tests="3" name="Second_Script.Login_Page" time="0.027" errors="0" timestamp="2024-01-10T19:11:54 IST" skipped="0">
  <testcase classname="Second_Script.Login_Page" name="username" time="0.008"/>
  <testcase classname="Second_Script.Login_Page" name="ValidPassword" time="0.011"/>
  <testcase classname="Second_Script.Login_Page" name="ResetPassword" time="0.008"/>
</testsuite> <!-- Second_Script.Login_Page -->
