<?xml version="1.0" encoding="UTF-8"?>
<!-- Generated by org.testng.reporters.JUnitReportReporter -->
<testsuite hostname="DESKTOP-KDB7KI9" failures="0" tests="3" name="First_Script.Regestration_Page" time="0.233" errors="0" timestamp="2024-01-10T19:11:54 IST" skipped="0">
  <testcase classname="First_Script.Regestration_Page" name="Valid_Name" time="0.004"/>
  <testcase classname="First_Script.Regestration_Page" name="ValidMobileNo" time="0.003"/>
  <testcase classname="First_Script.Regestration_Page" name="ValidEmailId" time="0.226"/>
</testsuite> <!-- First_Script.Regestration_Page -->
